is_train : True
data_dir : ./cifar10/cifar-10-batches-py
eval_freq : 1000
learning_rate : 0.0001
print_freq : 10
batch_size : 128
checkpoint_dir : ./checkpoints
log_dir : ./logs/cifar10
train_model : linear
checkpoint_freq : 5000
max_steps : 15000
[[  5.88277471e-04   1.09097303e-03   9.35138269e-06 ...,  -1.66914228e-03
   -1.59923965e-03   1.86115014e-03]
 [ -1.85774697e-04  -3.13259952e-04   1.21673371e-03 ...,  -4.74963104e-04
   -2.47999094e-04  -2.58734974e-04]
 [ -7.82396528e-05   9.12068761e-04   9.23234038e-04 ...,   1.27710553e-03
   -9.67610453e-04   1.12919521e-03]
 ..., 
 [  5.47328673e-04  -3.75777250e-04   1.02609640e-03 ...,   1.66702375e-03
   -4.72020096e-04   4.59705043e-04]
 [  1.43454861e-04   3.48204077e-04   2.96811137e-04 ...,   6.61840022e-05
    1.72488624e-04  -1.32712873e-03]
 [ -2.02831323e-03   1.69711665e-03  -1.06059655e-03 ...,  -3.26063926e-03
   -1.84701313e-03  -2.04152268e-04]]
[[  5.54613333e-09  -1.87366270e-02   2.16051135e-02 ...,  -5.44222146e-02
   -7.41729289e-02  -3.69897708e-02]
 [ -1.33216702e-11  -2.71690278e-25  -4.66985608e-12 ...,  -1.60931834e-15
   -2.25292487e-25  -1.52628547e-13]
 [  6.75056922e-25   7.68481325e-25   8.80047901e-25 ...,   1.10620426e-24
   -8.18533810e-25   1.06394863e-24]
 ..., 
 [ -5.31059356e-08  -1.22373644e-02   1.08317835e-02 ...,   4.95084971e-02
    1.02449236e-02  -2.12019920e-01]
 [  2.91263569e-25   2.81748279e-25   2.16202763e-25 ...,   5.24786512e-26
    1.37818364e-25  -1.19309858e-24]
 [ -5.98817038e-11  -1.48072443e-03   6.27281889e-02 ...,  -1.40224677e-02
    2.36958992e-02   9.87537354e-02]]
[[  3.58506505e-27  -1.22669144e-02  -1.31151108e-02 ...,  -1.05781130e-01
   -4.59238514e-03  -4.53458764e-02]
 [ -1.05974765e-28  -1.05488792e-28  -1.05815237e-28 ...,  -1.05362295e-28
   -1.05817958e-28  -1.05319696e-28]
 [  1.05097804e-28   1.05692568e-28   1.05025618e-28 ...,   1.05359153e-28
   -1.05297656e-28   1.05412429e-28]
 ..., 
 [ -1.50952355e-25  -5.93491597e-03   2.54228059e-02 ...,   3.03040110e-02
   -2.21082959e-02  -2.74840713e-01]
 [  1.05750129e-28   1.05699886e-28   1.05696432e-28 ...,   1.05023716e-28
    1.05609055e-28  -1.05311799e-28]
 [ -1.06027355e-28  -1.11806870e-03   1.46465329e-02 ...,  -4.00431119e-02
    4.22197357e-02   1.28671840e-01]]
[[  1.06284863e-28  -1.22777084e-04  -7.39552602e-02 ...,  -2.24997461e-01
   -2.25055423e-02   1.65146645e-02]
 [ -1.05974765e-28  -1.05488792e-28  -1.05815237e-28 ...,  -1.05362295e-28
   -1.05817958e-28  -1.05319696e-28]
 [  1.05097804e-28   1.05692568e-28   1.05025618e-28 ...,   1.05359153e-28
   -1.05297656e-28   1.05412429e-28]
 ..., 
 [ -1.05866612e-28  -3.96497717e-06  -3.16848382e-02 ...,   6.67539239e-02
    2.66486164e-02  -3.00621986e-01]
 [  1.05750129e-28   1.05699886e-28   1.05696432e-28 ...,   1.05023716e-28
    1.05609055e-28  -1.05311799e-28]
 [ -1.06027355e-28  -5.09086676e-05   1.11089542e-03 ...,  -1.62148848e-02
    5.29098809e-02   1.74837977e-01]]
